2019-10-21T08:14:22.863Z Warning: Cannot open browser.
2019-10-21T08:14:22.863Z     at Object.warn (/usr/local/lib/heroku/node_modules/@oclif/errors/lib/index.js:33:15)
2019-10-21T08:14:22.863Z     at showUrl (/usr/local/lib/heroku/node_modules/@heroku-cli/command/lib/login.js:132:34)
2019-10-21T08:14:22.863Z     at ChildProcess.cp.on.code (/usr/local/lib/heroku/node_modules/@heroku-cli/command/lib/login.js:145:17)
2019-10-21T08:14:22.863Z     at ChildProcess.emit (events.js:193:13)
2019-10-21T08:14:22.863Z     at maybeClose (internal/child_process.js:999:16)
2019-10-21T08:14:22.863Z     at Process.ChildProcess._handle.onexit (internal/child_process.js:266:5)
2019-10-21T09:03:42.195Z Warning: Cannot open browser.
2019-10-21T09:03:42.195Z     at Object.warn (/usr/local/lib/heroku/node_modules/@oclif/errors/lib/index.js:33:15)
2019-10-21T09:03:42.195Z     at showUrl (/usr/local/lib/heroku/node_modules/@heroku-cli/command/lib/login.js:132:34)
2019-10-21T09:03:42.195Z     at ChildProcess.cp.on.code (/usr/local/lib/heroku/node_modules/@heroku-cli/command/lib/login.js:145:17)
2019-10-21T09:03:42.195Z     at ChildProcess.emit (events.js:193:13)
2019-10-21T09:03:42.195Z     at maybeClose (internal/child_process.js:999:16)
2019-10-21T09:03:42.195Z     at Process.ChildProcess._handle.onexit (internal/child_process.js:266:5)
2019-10-21T09:23:13.368Z Warning: Cannot open browser.
2019-10-21T09:23:13.368Z     at Object.warn (/usr/local/lib/heroku/node_modules/@oclif/errors/lib/index.js:33:15)
2019-10-21T09:23:13.368Z     at showUrl (/usr/local/lib/heroku/node_modules/@heroku-cli/command/lib/login.js:132:34)
2019-10-21T09:23:13.368Z     at ChildProcess.cp.on.code (/usr/local/lib/heroku/node_modules/@heroku-cli/command/lib/login.js:145:17)
2019-10-21T09:23:13.368Z     at ChildProcess.emit (events.js:193:13)
2019-10-21T09:23:13.368Z     at maybeClose (internal/child_process.js:999:16)
2019-10-21T09:23:13.368Z     at Process.ChildProcess._handle.onexit (internal/child_process.js:266:5)
2019-10-22T00:29:49.085Z Warning: Cannot open browser.
2019-10-22T00:29:49.085Z     at Object.warn (/usr/local/lib/heroku/node_modules/@oclif/errors/lib/index.js:33:15)
2019-10-22T00:29:49.085Z     at showUrl (/usr/local/lib/heroku/node_modules/@heroku-cli/command/lib/login.js:132:34)
2019-10-22T00:29:49.085Z     at ChildProcess.cp.on.code (/usr/local/lib/heroku/node_modules/@heroku-cli/command/lib/login.js:145:17)
2019-10-22T00:29:49.085Z     at ChildProcess.emit (events.js:193:13)
2019-10-22T00:29:49.085Z     at maybeClose (internal/child_process.js:999:16)
2019-10-22T00:29:49.085Z     at Process.ChildProcess._handle.onexit (internal/child_process.js:266:5)
2019-10-22T00:30:51.494Z Error: quit
2019-10-22T00:30:51.494Z     at Object.error (/usr/local/lib/heroku/node_modules/@oclif/errors/lib/index.js:22:17)
2019-10-22T00:30:51.494Z     at Object.anykey (/usr/local/lib/heroku/node_modules/cli-ux/lib/prompt.js:48:18)
2019-10-22T00:56:28.013Z Warning: Cannot open browser.
2019-10-22T00:56:28.013Z     at Object.warn (/usr/local/lib/heroku/node_modules/@oclif/errors/lib/index.js:33:15)
2019-10-22T00:56:28.013Z     at showUrl (/usr/local/lib/heroku/node_modules/@heroku-cli/command/lib/login.js:132:34)
2019-10-22T00:56:28.013Z     at ChildProcess.cp.on.code (/usr/local/lib/heroku/node_modules/@heroku-cli/command/lib/login.js:145:17)
2019-10-22T00:56:28.013Z     at ChildProcess.emit (events.js:193:13)
2019-10-22T00:56:28.013Z     at maybeClose (internal/child_process.js:999:16)
2019-10-22T00:56:28.013Z     at Process.ChildProcess._handle.onexit (internal/child_process.js:266:5)
2019-10-22T01:00:20.034Z Warning: Cannot open browser.
2019-10-22T01:00:20.034Z     at Object.warn (/usr/local/lib/heroku/node_modules/@oclif/errors/lib/index.js:33:15)
2019-10-22T01:00:20.034Z     at showUrl (/usr/local/lib/heroku/node_modules/@heroku-cli/command/lib/login.js:132:34)
2019-10-22T01:00:20.034Z     at ChildProcess.cp.on.code (/usr/local/lib/heroku/node_modules/@heroku-cli/command/lib/login.js:145:17)
2019-10-22T01:00:20.034Z     at ChildProcess.emit (events.js:193:13)
2019-10-22T01:00:20.034Z     at maybeClose (internal/child_process.js:999:16)
2019-10-22T01:00:20.034Z     at Process.ChildProcess._handle.onexit (internal/child_process.js:266:5)
2019-10-22T01:17:19.193Z Warning: Cannot open browser.
2019-10-22T01:17:19.193Z     at Object.warn (/usr/local/lib/heroku/node_modules/@oclif/errors/lib/index.js:33:15)
2019-10-22T01:17:19.193Z     at showUrl (/usr/local/lib/heroku/node_modules/@heroku-cli/command/lib/login.js:132:34)
2019-10-22T01:17:19.193Z     at ChildProcess.cp.on.code (/usr/local/lib/heroku/node_modules/@heroku-cli/command/lib/login.js:145:17)
2019-10-22T01:17:19.193Z     at ChildProcess.emit (events.js:193:13)
2019-10-22T01:17:19.193Z     at maybeClose (internal/child_process.js:999:16)
2019-10-22T01:17:19.193Z     at Process.ChildProcess._handle.onexit (internal/child_process.js:266:5)
2019-10-22T01:24:57.312Z Warning: Cannot open browser.
2019-10-22T01:24:57.312Z     at Object.warn (/usr/local/lib/heroku/node_modules/@oclif/errors/lib/index.js:33:15)
2019-10-22T01:24:57.312Z     at showUrl (/usr/local/lib/heroku/node_modules/@heroku-cli/command/lib/login.js:132:34)
2019-10-22T01:24:57.312Z     at ChildProcess.cp.on.code (/usr/local/lib/heroku/node_modules/@heroku-cli/command/lib/login.js:145:17)
2019-10-22T01:24:57.312Z     at ChildProcess.emit (events.js:193:13)
2019-10-22T01:24:57.312Z     at maybeClose (internal/child_process.js:999:16)
2019-10-22T01:24:57.312Z     at Process.ChildProcess._handle.onexit (internal/child_process.js:266:5)
2019-10-22T01:36:38.316Z Error: Invalid credentials provided.
2019-10-22T01:36:38.316Z Error ID: unauthorized
2019-10-22T01:36:38.316Z     at Login.login (/usr/local/lib/heroku/node_modules/@heroku-cli/command/lib/login.js:74:19)
2019-10-22T01:43:43.250Z Warning: Cannot open browser.
2019-10-22T01:43:43.250Z     at Object.warn (/usr/local/lib/heroku/node_modules/@oclif/errors/lib/index.js:33:15)
2019-10-22T01:43:43.250Z     at showUrl (/usr/local/lib/heroku/node_modules/@heroku-cli/command/lib/login.js:132:34)
2019-10-22T01:43:43.250Z     at ChildProcess.cp.on.code (/usr/local/lib/heroku/node_modules/@heroku-cli/command/lib/login.js:145:17)
2019-10-22T01:43:43.250Z     at ChildProcess.emit (events.js:193:13)
2019-10-22T01:43:43.250Z     at maybeClose (internal/child_process.js:999:16)
2019-10-22T01:43:43.250Z     at Process.ChildProcess._handle.onexit (internal/child_process.js:266:5)
2019/10/22 08:09:37 Error: Error opening web browser.
Error: Exited with code 3

Manually visit https://aqueous-island-72720.herokuapp.com/ in your browser.
    at err (/usr/local/lib/heroku/node_modules/heroku-cli-util/lib/open.js:12:16)
    at ChildProcess.<anonymous> (/usr/local/lib/heroku/node_modules/heroku-cli-util/node_modules/opn/index.js:86:5)
    at Object.onceWrapper (events.js:281:20)
    at ChildProcess.emit (events.js:193:13)
    at maybeClose (internal/child_process.js:999:16)
    at Process.ChildProcess._handle.onexit (internal/child_process.js:266:5)
2019/10/22 08:10:00 Error: Error opening web browser.
Error: Exited with code 3

Manually visit https://aqueous-island-72720.herokuapp.com/-i in your browser.
    at err (/usr/local/lib/heroku/node_modules/heroku-cli-util/lib/open.js:12:16)
    at ChildProcess.<anonymous> (/usr/local/lib/heroku/node_modules/heroku-cli-util/node_modules/opn/index.js:86:5)
    at Object.onceWrapper (events.js:281:20)
    at ChildProcess.emit (events.js:193:13)
    at maybeClose (internal/child_process.js:999:16)
    at Process.ChildProcess._handle.onexit (internal/child_process.js:266:5)
2019/10/22 08:11:52 Error: connect ECONNREFUSED 50.19.103.36:5000
    at TCPConnectWrap.afterConnect [as oncomplete] (net.js:1088:14)
2019/10/22 08:13:19 Error: Error opening web browser.
Error: Exited with code 3

Manually visit https://aqueous-island-72720.herokuapp.com/ in your browser.
    at err (/usr/local/lib/heroku/node_modules/heroku-cli-util/lib/open.js:12:16)
    at ChildProcess.<anonymous> (/usr/local/lib/heroku/node_modules/heroku-cli-util/node_modules/opn/index.js:86:5)
    at Object.onceWrapper (events.js:281:20)
    at ChildProcess.emit (events.js:193:13)
    at maybeClose (internal/child_process.js:999:16)
    at Process.ChildProcess._handle.onexit (internal/child_process.js:266:5)
2019/10/22 08:13:37 Error: connect ECONNREFUSED 50.19.103.36:5000
    at TCPConnectWrap.afterConnect [as oncomplete] (net.js:1088:14)
2019/10/22 08:14:24 Error: connect ECONNREFUSED 50.19.103.36:5000
    at TCPConnectWrap.afterConnect [as oncomplete] (net.js:1088:14)
